<?xml version="1.0" encoding="UTF-8"?>
<!-- Generated by org.testng.reporters.JUnitReportReporter -->
<testsuite skipped="0" hostname="sunshine-PC" name="com.testcases.demo.loginRediff" tests="3" failures="0" timestamp="01 Apr 2019 15:09:23 GMT" time="34.989" errors="0">
  <testcase name="login_Rediff" time="10.901" classname="com.testcases.demo.loginRediff"/>
  <testcase name="login_Rediff" time="15.465" classname="com.testcases.demo.loginRediff"/>
  <testcase name="login_Rediff" time="8.623" classname="com.testcases.demo.loginRediff"/>
</testsuite> <!-- com.testcases.demo.loginRediff -->
