<?xml version="1.0" encoding="UTF-8"?>
<!-- Generated by org.testng.reporters.JUnitReportReporter -->
<testsuite skipped="0" hostname="sunshine-PC" name="com.testcases.demo.loginRediff" tests="3" failures="0" timestamp="31 Mar 2019 10:30:37 GMT" time="39.288" errors="0">
  <testcase name="login_Rediff" time="10.620" classname="com.testcases.demo.loginRediff"/>
  <testcase name="login_Rediff" time="15.580" classname="com.testcases.demo.loginRediff"/>
  <testcase name="login_Rediff" time="13.088" classname="com.testcases.demo.loginRediff"/>
</testsuite> <!-- com.testcases.demo.loginRediff -->
