<?xml version="1.0" encoding="UTF-8"?>
<!-- Generated by org.testng.reporters.JUnitReportReporter -->
<testsuite skipped="0" hostname="sunshine-PC" name="com.testcases.demo.dummy" tests="1" failures="0" timestamp="01 Apr 2019 09:55:06 GMT" time="0.004" errors="0">
  <testcase name="dummyTest" time="0.004" classname="com.testcases.demo.dummy"/>
</testsuite> <!-- com.testcases.demo.dummy -->
